<?xml version="1.0" encoding="UTF-8"?>
<testsuite name="com.monotonic.collections._7_sets.before.WeightAwareProductCatalogueTest" tests="1" skipped="0" failures="0" errors="0" timestamp="2021-01-03T02:33:04" hostname="CHI-AA201043" time="0.014">
  <properties/>
  <testcase name="shouldFindLighterProducts" classname="com.monotonic.collections._7_sets.before.WeightAwareProductCatalogueTest" time="0.014"/>
  <system-out><![CDATA[]]></system-out>
  <system-err><![CDATA[]]></system-err>
</testsuite>
